<?xml version="1.0" encoding="UTF-8"?>
<testng-results skipped="0" failed="0" total="1" passed="1">
  <reporter-output>
  </reporter-output>
  <suite name="Default suite" duration-ms="52754" started-at="2018-01-04T10:54:07Z" finished-at="2018-01-04T10:55:00Z">
    <groups>
    </groups>
    <test name="Default test" duration-ms="52754" started-at="2018-01-04T10:54:07Z" finished-at="2018-01-04T10:55:00Z">
      <class name="DDF.DDF1.LoginTest">
        <test-method status="PASS" signature="f()[pri:0, instance:DDF.DDF1.LoginTest@3e6fa38a]" name="f" duration-ms="52668" started-at="2018-01-04T16:24:07Z" finished-at="2018-01-04T16:25:00Z">
          <reporter-output>
          </reporter-output>
        </test-method> <!-- f -->
      </class> <!-- DDF.DDF1.LoginTest -->
    </test> <!-- Default test -->
  </suite> <!-- Default suite -->
</testng-results>
